
Magic 8.3 revision 636 - Compiled on Tue Apr 14 18:21:09 UTC 2026.
Starting magic under Tcl interpreter
Using the terminal as the console.
Using NULL graphics device.
Processing system .magicrc file
Switching to WIRING tool.
Switching to NETLIST tool.
Switching to PICK tool.
Switching to BOX tool.
Sourcing design .magicrc for technology sky130A ...
2 Magic internal units = 1 Lambda
Input style sky130(): scaleFactor=2, multiplier=2
The following types are not handled by extraction and will be treated as non-electrical types:
    ubm 
Scaled tech values by 2 / 1 to match internal grid scaling
Loading sky130A Device Generator Menu ...
Using technology "sky130A", version 1.0.575-2-g7b70722
Root cell box:
           width x height  (   llx,  lly  ), (   urx,  ury  )

microns:   0.000 x 0.000   ( 0.000,  0.000), ( 0.000,  0.000)
lambda:     0.00 x 0.00    (  0.00,  0.00 ), (  0.00,  0.00 )
internal:      0 x 0       (     0,  0    ), (     0,  0    )
Cell sky130_fd_sc_hd__dlclkp_1 read from path /home/namibj/projects/asic/pdk/sky130A/libs.ref/sky130_fd_sc_hd/mag
Extracting /home/namibj/projects/asic/pdk/sky130A/libs.ref/sky130_fd_sc_hd/mag/sky130_fd_sc_hd__dlclkp_1.mag into sky130_fd_sc_hd__dlclkp_1.mag.ext:
Processing /home/namibj/projects/asic/pdk/sky130A/libs.ref/sky130_fd_sc_hd/mag/sky130_fd_sc_hd__dlclkp_1.mag
Processing cell /home/namibj/projects/asic/pdk/sky130A/libs.ref/sky130_fd_sc_hd/mag/sky130_fd_sc_hd__dlclkp_1.mag for resistance extraction.
